Release 14.7 - xst P.20131013 (nt64)
Copyright (c) 1995-2013 Xilinx, Inc.  All rights reserved.
--> Parameter TMPDIR set to xst/projnav.tmp


Total REAL time to Xst completion: 0.00 secs
Total CPU time to Xst completion: 0.07 secs
 
--> Parameter xsthdpdir set to xst


Total REAL time to Xst completion: 0.00 secs
Total CPU time to Xst completion: 0.07 secs
 
--> Reading design: CRC.prj

TABLE OF CONTENTS
  1) Synthesis Options Summary
  2) HDL Parsing
  3) HDL Elaboration
  4) HDL Synthesis
       4.1) HDL Synthesis Report
  5) Advanced HDL Synthesis
       5.1) Advanced HDL Synthesis Report
  6) Low Level Synthesis
  7) Partition Report
  8) Design Summary
       8.1) Primitive and Black Box Usage
       8.2) Device utilization summary
       8.3) Partition Resource Summary
       8.4) Timing Report
            8.4.1) Clock Information
            8.4.2) Asynchronous Control Signals Information
            8.4.3) Timing Summary
            8.4.4) Timing Details
            8.4.5) Cross Clock Domains Report


=========================================================================
*                      Synthesis Options Summary                        *
=========================================================================
---- Source Parameters
Input File Name                    : "CRC.prj"
Ignore Synthesis Constraint File   : NO

---- Target Parameters
Output File Name                   : "CRC"
Output Format                      : NGC
Target Device                      : xc6slx9-3-tqg144

---- Source Options
Top Module Name                    : CRC
Automatic FSM Extraction           : YES
FSM Encoding Algorithm             : Auto
Safe Implementation                : No
FSM Style                          : LUT
RAM Extraction                     : Yes
RAM Style                          : Auto
ROM Extraction                     : Yes
Shift Register Extraction          : YES
ROM Style                          : Auto
Resource Sharing                   : YES
Asynchronous To Synchronous        : NO
Shift Register Minimum Size        : 2
Use DSP Block                      : Auto
Automatic Register Balancing       : No

---- Target Options
LUT Combining                      : Auto
Reduce Control Sets                : Auto
Add IO Buffers                     : YES
Global Maximum Fanout              : 100000
Add Generic Clock Buffer(BUFG)     : 16
Register Duplication               : YES
Optimize Instantiated Primitives   : NO
Use Clock Enable                   : Auto
Use Synchronous Set                : Auto
Use Synchronous Reset              : Auto
Pack IO Registers into IOBs        : Auto
Equivalent register Removal        : YES

---- General Options
Optimization Goal                  : Speed
Optimization Effort                : 1
Power Reduction                    : NO
Keep Hierarchy                     : No
Netlist Hierarchy                  : As_Optimized
RTL Output                         : Yes
Global Optimization                : AllClockNets
Read Cores                         : YES
Write Timing Constraints           : NO
Cross Clock Analysis               : NO
Hierarchy Separator                : /
Bus Delimiter                      : <>
Case Specifier                     : Maintain
Slice Utilization Ratio            : 100
BRAM Utilization Ratio             : 100
DSP48 Utilization Ratio            : 100
Auto BRAM Packing                  : NO
Slice Utilization Ratio Delta      : 5

=========================================================================


=========================================================================
*                          HDL Parsing                                  *
=========================================================================
Parsing VHDL file "C:\Users\Predator\Desktop\Learning Resources\DataCom\Lab\Lab5\CRC_sim\CRC.vhf" into library work
Parsing entity <FJKC_HXILINX_CRC>.
Parsing architecture <Behavioral> of entity <fjkc_hxilinx_crc>.
Parsing entity <CRC>.
Parsing architecture <BEHAVIORAL> of entity <crc>.

=========================================================================
*                            HDL Elaboration                            *
=========================================================================

Elaborating entity <CRC> (architecture <BEHAVIORAL>) from library <work>.

Elaborating entity <FJKC_HXILINX_CRC> (architecture <Behavioral>) with generics from library <work>.

=========================================================================
*                           HDL Synthesis                               *
=========================================================================

Synthesizing Unit <CRC>.
    Related source file is "C:\Users\Predator\Desktop\Learning Resources\DataCom\Lab\Lab5\CRC_sim\CRC.vhf".
    Set property "HU_SET = XLXI_9_0" for instance <XLXI_9>.
    Set property "HU_SET = XLXI_10_1" for instance <XLXI_10>.
    Set property "HU_SET = XLXI_11_3" for instance <XLXI_11>.
    Set property "HU_SET = XLXI_12_2" for instance <XLXI_12>.
    Summary:
	no macro.
Unit <CRC> synthesized.

Synthesizing Unit <FJKC_HXILINX_CRC>.
    Related source file is "C:\Users\Predator\Desktop\Learning Resources\DataCom\Lab\Lab5\CRC_sim\CRC.vhf".
        INIT = '0'
    Found 1-bit register for signal <q_tmp>.
    Summary:
	inferred   1 D-type flip-flop(s).
	inferred   2 Multiplexer(s).
Unit <FJKC_HXILINX_CRC> synthesized.

=========================================================================
HDL Synthesis Report

Macro Statistics
# Registers                                            : 4
 1-bit register                                        : 4
# Multiplexers                                         : 8
 1-bit 2-to-1 multiplexer                              : 8

=========================================================================

=========================================================================
*                       Advanced HDL Synthesis                          *
=========================================================================


=========================================================================
Advanced HDL Synthesis Report

Macro Statistics
# Registers                                            : 4
 Flip-Flops                                            : 4
# Multiplexers                                         : 8
 1-bit 2-to-1 multiplexer                              : 8

=========================================================================

=========================================================================
*                         Low Level Synthesis                           *
=========================================================================

Optimizing unit <CRC> ...

Optimizing unit <FJKC_HXILINX_CRC> ...

Mapping all equations...
Building and optimizing final netlist ...
Found area constraint ratio of 100 (+ 5) on block CRC, actual ratio is 0.

Final Macro Processing ...

=========================================================================
Final Register Report

Macro Statistics
# Registers                                            : 4
 Flip-Flops                                            : 4

=========================================================================

=========================================================================
*                           Partition Report                            *
=========================================================================

Partition Implementation Status
-------------------------------

  No Partitions were found in this design.

-------------------------------

=========================================================================
*                            Design Summary                             *
=========================================================================

Top Level Output File Name         : CRC.ngc

Primitive and Black Box Usage:
------------------------------
# BELS                             : 12
#      INV                         : 4
#      LUT2                        : 2
#      LUT3                        : 4
#      XOR2                        : 2
# FlipFlops/Latches                : 4
#      FDC                         : 2
#      FDCE                        : 2
# Clock Buffers                    : 1
#      BUFGP                       : 1
# IO Buffers                       : 6
#      IBUF                        : 2
#      OBUF                        : 4

Device utilization summary:
---------------------------

Selected Device : 6slx9tqg144-3 


Slice Logic Utilization: 
 Number of Slice Registers:               4  out of  11440     0%  
 Number of Slice LUTs:                   10  out of   5720     0%  
    Number used as Logic:                10  out of   5720     0%  

Slice Logic Distribution: 
 Number of LUT Flip Flop pairs used:     14
   Number with an unused Flip Flop:      10  out of     14    71%  
   Number with an unused LUT:             4  out of     14    28%  
   Number of fully used LUT-FF pairs:     0  out of     14     0%  
   Number of unique control sets:         4

IO Utilization: 
 Number of IOs:                           7
 Number of bonded IOBs:                   7  out of    102     6%  

Specific Feature Utilization:
 Number of BUFG/BUFGCTRLs:                1  out of     16     6%  

---------------------------
Partition Resource Summary:
---------------------------

  No Partitions were found in this design.

---------------------------


=========================================================================
Timing Report

NOTE: THESE TIMING NUMBERS ARE ONLY A SYNTHESIS ESTIMATE.
      FOR ACCURATE TIMING INFORMATION PLEASE REFER TO THE TRACE REPORT
      GENERATED AFTER PLACE-and-ROUTE.

Clock Information:
------------------
-----------------------------------+------------------------+-------+
Clock Signal                       | Clock buffer(FF name)  | Load  |
-----------------------------------+------------------------+-------+
clock                              | BUFGP                  | 4     |
-----------------------------------+------------------------+-------+

Asynchronous Control Signals Information:
----------------------------------------
No asynchronous control signals found in this design

Timing Summary:
---------------
Speed Grade: -3

   Minimum period: 3.769ns (Maximum Frequency: 265.347MHz)
   Minimum input arrival time before clock: 4.440ns
   Maximum output required time after clock: 3.732ns
   Maximum combinational path delay: No path found

Timing Details:
---------------
All values displayed in nanoseconds (ns)

=========================================================================
Timing constraint: Default period analysis for Clock 'clock'
  Clock period: 3.769ns (frequency: 265.347MHz)
  Total number of paths / destination ports: 18 / 6
-------------------------------------------------------------------------
Delay:               3.769ns (Levels of Logic = 4)
  Source:            XLXI_12/q_tmp (FF)
  Destination:       XLXI_12/q_tmp (FF)
  Source Clock:      clock rising
  Destination Clock: clock rising

  Data Path: XLXI_12/q_tmp to XLXI_12/q_tmp
                                Gate     Net
    Cell:in->out      fanout   Delay   Delay  Logical Name (Net Name)
    ----------------------------------------  ------------
     FDC:C->Q              4   0.447   1.028  q_tmp (q_tmp)
     end scope: 'XLXI_12:Q'
     XOR2:I1->O            2   0.223   0.616  XLXI_7 (XLXN_36)
     INV:I->O              1   0.568   0.580  XLXI_5 (XLXN_10)
     begin scope: 'XLXI_9:K'
     LUT3:I2->O            1   0.205   0.000  q_tmp_rstpot (q_tmp_rstpot)
     FDC:D                     0.102          q_tmp
    ----------------------------------------
    Total                      3.769ns (1.545ns logic, 2.224ns route)
                                       (41.0% logic, 59.0% route)

=========================================================================
Timing constraint: Default OFFSET IN BEFORE for Clock 'clock'
  Total number of paths / destination ports: 6 / 5
-------------------------------------------------------------------------
Offset:              4.440ns (Levels of Logic = 5)
  Source:            data_word (PAD)
  Destination:       XLXI_9/q_tmp (FF)
  Destination Clock: clock rising

  Data Path: data_word to XLXI_9/q_tmp
                                Gate     Net
    Cell:in->out      fanout   Delay   Delay  Logical Name (Net Name)
    ----------------------------------------  ------------
     IBUF:I->O             1   1.222   0.944  data_word_IBUF (data_word_IBUF)
     XOR2:I0->O            2   0.203   0.616  XLXI_7 (XLXN_36)
     INV:I->O              1   0.568   0.580  XLXI_5 (XLXN_10)
     begin scope: 'XLXI_9:K'
     LUT3:I2->O            1   0.205   0.000  q_tmp_rstpot (q_tmp_rstpot)
     FDC:D                     0.102          q_tmp
    ----------------------------------------
    Total                      4.440ns (2.300ns logic, 2.140ns route)
                                       (51.8% logic, 48.2% route)

=========================================================================
Timing constraint: Default OFFSET OUT AFTER for Clock 'clock'
  Total number of paths / destination ports: 4 / 4
-------------------------------------------------------------------------
Offset:              3.732ns (Levels of Logic = 2)
  Source:            XLXI_9/q_tmp (FF)
  Destination:       led1 (PAD)
  Source Clock:      clock rising

  Data Path: XLXI_9/q_tmp to led1
                                Gate     Net
    Cell:in->out      fanout   Delay   Delay  Logical Name (Net Name)
    ----------------------------------------  ------------
     FDC:C->Q              5   0.447   0.714  q_tmp (q_tmp)
     end scope: 'XLXI_9:Q'
     OBUF:I->O                 2.571          led1_OBUF (led1)
    ----------------------------------------
    Total                      3.732ns (3.018ns logic, 0.714ns route)
                                       (80.9% logic, 19.1% route)

=========================================================================

Cross Clock Domains Report:
--------------------------

Clock to Setup on destination clock clock
---------------+---------+---------+---------+---------+
               | Src:Rise| Src:Fall| Src:Rise| Src:Fall|
Source Clock   |Dest:Rise|Dest:Rise|Dest:Fall|Dest:Fall|
---------------+---------+---------+---------+---------+
clock          |    3.769|         |         |         |
---------------+---------+---------+---------+---------+

=========================================================================


Total REAL time to Xst completion: 4.00 secs
Total CPU time to Xst completion: 4.15 secs
 
--> 

Total memory usage is 4521300 kilobytes

Number of errors   :    0 (   0 filtered)
Number of warnings :    0 (   0 filtered)
Number of infos    :    0 (   0 filtered)

